2017-10-18 15:06:06,261 [main] DEBUG: edu.cmu.ri.createlab.terk.application.TerkApplication: TerkApplication.TerkApplication()
2017-10-18 15:06:06,262 [main] INFO : edu.cmu.ri.createlab.terk.application.TerkApplication: TerkApplication.TerkApplication(): System property [terk-application.connection-strategy.class.name] is not defined.  Attempting to use default [edu.cmu.ri.createlab.terk.robot.finch.LocalFinchConnectionStrategy] implementation class instead.
2017-10-18 15:06:06,272 [main] DEBUG: edu.cmu.ri.createlab.terk.application.TerkApplication: TerkApplication.TerkApplication(): successfully instantiated ConnectionStrategy implementation class [edu.cmu.ri.createlab.terk.robot.finch.LocalFinchConnectionStrategy]
2017-10-18 15:06:06,575 [main] DEBUG: edu.cmu.ri.createlab.device.connectivity.BaseCreateLabDeviceConnectivityManager: BaseCreateLabDeviceConnectivityManager: scanAndConnectWorkhorseRunnable.run()
2017-10-18 15:06:06,576 [main] DEBUG: edu.cmu.ri.createlab.device.connectivity.BaseCreateLabDeviceConnectivityManager: BaseCreateLabDeviceConnectivityManager.disconnect()
2017-10-18 15:06:06,576 [main] DEBUG: edu.cmu.ri.createlab.terk.robot.finch.LocalFinchConnectionStrategy: LocalFinchConnectionStrategy.handleConnectionStateChange(): OLD [Disconnected]  NEW [Disconnected]  port []
2017-10-18 15:06:06,576 [BaseCreateLabDeviceConnectivityManager.executorService pool-1-thread-1] DEBUG: edu.cmu.ri.createlab.device.connectivity.BaseCreateLabDeviceConnectivityManager: CreateLabDeviceConnectivityManagerImpl$DeviceScanner.run()
2017-10-18 15:06:06,577 [BaseCreateLabDeviceConnectivityManager.executorService pool-1-thread-1] DEBUG: edu.cmu.ri.createlab.terk.robot.finch.LocalFinchConnectionStrategy: LocalFinchConnectionStrategy.handleConnectionStateChange(): OLD [Disconnected]  NEW [Scanning]  port []
2017-10-18 15:06:06,581 [BaseCreateLabDeviceConnectivityManager.executorService pool-1-thread-1] DEBUG: edu.cmu.ri.createlab.terk.robot.finch.DefaultFinchController: DefaultFinchController.create(): creating HID device for vendor ID [2354] and product ID [1111]
2017-10-18 15:06:40,441 [main] DEBUG: edu.cmu.ri.createlab.terk.application.TerkApplication: TerkApplication.TerkApplication()
2017-10-18 15:06:40,441 [main] INFO : edu.cmu.ri.createlab.terk.application.TerkApplication: TerkApplication.TerkApplication(): System property [terk-application.connection-strategy.class.name] is not defined.  Attempting to use default [edu.cmu.ri.createlab.terk.robot.finch.LocalFinchConnectionStrategy] implementation class instead.
2017-10-18 15:06:40,451 [main] DEBUG: edu.cmu.ri.createlab.terk.application.TerkApplication: TerkApplication.TerkApplication(): successfully instantiated ConnectionStrategy implementation class [edu.cmu.ri.createlab.terk.robot.finch.LocalFinchConnectionStrategy]
2017-10-18 15:06:40,757 [main] DEBUG: edu.cmu.ri.createlab.device.connectivity.BaseCreateLabDeviceConnectivityManager: BaseCreateLabDeviceConnectivityManager: scanAndConnectWorkhorseRunnable.run()
2017-10-18 15:06:40,757 [main] DEBUG: edu.cmu.ri.createlab.device.connectivity.BaseCreateLabDeviceConnectivityManager: BaseCreateLabDeviceConnectivityManager.disconnect()
2017-10-18 15:06:40,757 [main] DEBUG: edu.cmu.ri.createlab.terk.robot.finch.LocalFinchConnectionStrategy: LocalFinchConnectionStrategy.handleConnectionStateChange(): OLD [Disconnected]  NEW [Disconnected]  port []
2017-10-18 15:06:40,758 [BaseCreateLabDeviceConnectivityManager.executorService pool-1-thread-1] DEBUG: edu.cmu.ri.createlab.device.connectivity.BaseCreateLabDeviceConnectivityManager: CreateLabDeviceConnectivityManagerImpl$DeviceScanner.run()
2017-10-18 15:06:40,758 [BaseCreateLabDeviceConnectivityManager.executorService pool-1-thread-1] DEBUG: edu.cmu.ri.createlab.terk.robot.finch.LocalFinchConnectionStrategy: LocalFinchConnectionStrategy.handleConnectionStateChange(): OLD [Disconnected]  NEW [Scanning]  port []
2017-10-18 15:06:40,762 [BaseCreateLabDeviceConnectivityManager.executorService pool-1-thread-1] DEBUG: edu.cmu.ri.createlab.terk.robot.finch.DefaultFinchController: DefaultFinchController.create(): creating HID device for vendor ID [2354] and product ID [1111]
2017-10-18 15:08:51,416 [main] DEBUG: edu.cmu.ri.createlab.terk.application.TerkApplication: TerkApplication.TerkApplication()
2017-10-18 15:08:51,417 [main] INFO : edu.cmu.ri.createlab.terk.application.TerkApplication: TerkApplication.TerkApplication(): System property [terk-application.connection-strategy.class.name] is not defined.  Attempting to use default [edu.cmu.ri.createlab.terk.robot.finch.LocalFinchConnectionStrategy] implementation class instead.
2017-10-18 15:08:51,427 [main] DEBUG: edu.cmu.ri.createlab.terk.application.TerkApplication: TerkApplication.TerkApplication(): successfully instantiated ConnectionStrategy implementation class [edu.cmu.ri.createlab.terk.robot.finch.LocalFinchConnectionStrategy]
2017-10-18 15:08:51,702 [main] DEBUG: edu.cmu.ri.createlab.device.connectivity.BaseCreateLabDeviceConnectivityManager: BaseCreateLabDeviceConnectivityManager: scanAndConnectWorkhorseRunnable.run()
2017-10-18 15:08:51,702 [main] DEBUG: edu.cmu.ri.createlab.device.connectivity.BaseCreateLabDeviceConnectivityManager: BaseCreateLabDeviceConnectivityManager.disconnect()
2017-10-18 15:08:51,702 [main] DEBUG: edu.cmu.ri.createlab.terk.robot.finch.LocalFinchConnectionStrategy: LocalFinchConnectionStrategy.handleConnectionStateChange(): OLD [Disconnected]  NEW [Disconnected]  port []
2017-10-18 15:08:51,703 [BaseCreateLabDeviceConnectivityManager.executorService pool-1-thread-1] DEBUG: edu.cmu.ri.createlab.device.connectivity.BaseCreateLabDeviceConnectivityManager: CreateLabDeviceConnectivityManagerImpl$DeviceScanner.run()
2017-10-18 15:08:51,703 [BaseCreateLabDeviceConnectivityManager.executorService pool-1-thread-1] DEBUG: edu.cmu.ri.createlab.terk.robot.finch.LocalFinchConnectionStrategy: LocalFinchConnectionStrategy.handleConnectionStateChange(): OLD [Disconnected]  NEW [Scanning]  port []
2017-10-18 15:08:51,708 [BaseCreateLabDeviceConnectivityManager.executorService pool-1-thread-1] DEBUG: edu.cmu.ri.createlab.terk.robot.finch.DefaultFinchController: DefaultFinchController.create(): creating HID device for vendor ID [2354] and product ID [1111]
2017-10-18 15:19:42,824 [main] DEBUG: edu.cmu.ri.createlab.terk.application.TerkApplication: TerkApplication.TerkApplication()
2017-10-18 15:19:42,825 [main] INFO : edu.cmu.ri.createlab.terk.application.TerkApplication: TerkApplication.TerkApplication(): System property [terk-application.connection-strategy.class.name] is not defined.  Attempting to use default [edu.cmu.ri.createlab.terk.robot.finch.LocalFinchConnectionStrategy] implementation class instead.
2017-10-18 15:19:42,835 [main] DEBUG: edu.cmu.ri.createlab.terk.application.TerkApplication: TerkApplication.TerkApplication(): successfully instantiated ConnectionStrategy implementation class [edu.cmu.ri.createlab.terk.robot.finch.LocalFinchConnectionStrategy]
2017-10-18 15:19:43,120 [main] DEBUG: edu.cmu.ri.createlab.device.connectivity.BaseCreateLabDeviceConnectivityManager: BaseCreateLabDeviceConnectivityManager: scanAndConnectWorkhorseRunnable.run()
2017-10-18 15:19:43,121 [main] DEBUG: edu.cmu.ri.createlab.device.connectivity.BaseCreateLabDeviceConnectivityManager: BaseCreateLabDeviceConnectivityManager.disconnect()
2017-10-18 15:19:43,121 [main] DEBUG: edu.cmu.ri.createlab.terk.robot.finch.LocalFinchConnectionStrategy: LocalFinchConnectionStrategy.handleConnectionStateChange(): OLD [Disconnected]  NEW [Disconnected]  port []
2017-10-18 15:19:43,122 [BaseCreateLabDeviceConnectivityManager.executorService pool-1-thread-1] DEBUG: edu.cmu.ri.createlab.device.connectivity.BaseCreateLabDeviceConnectivityManager: CreateLabDeviceConnectivityManagerImpl$DeviceScanner.run()
2017-10-18 15:19:43,122 [BaseCreateLabDeviceConnectivityManager.executorService pool-1-thread-1] DEBUG: edu.cmu.ri.createlab.terk.robot.finch.LocalFinchConnectionStrategy: LocalFinchConnectionStrategy.handleConnectionStateChange(): OLD [Disconnected]  NEW [Scanning]  port []
2017-10-18 15:19:43,127 [BaseCreateLabDeviceConnectivityManager.executorService pool-1-thread-1] DEBUG: edu.cmu.ri.createlab.terk.robot.finch.DefaultFinchController: DefaultFinchController.create(): creating HID device for vendor ID [2354] and product ID [1111]
2017-10-18 15:20:55,059 [main] DEBUG: edu.cmu.ri.createlab.terk.application.TerkApplication: TerkApplication.TerkApplication()
2017-10-18 15:20:55,060 [main] INFO : edu.cmu.ri.createlab.terk.application.TerkApplication: TerkApplication.TerkApplication(): System property [terk-application.connection-strategy.class.name] is not defined.  Attempting to use default [edu.cmu.ri.createlab.terk.robot.finch.LocalFinchConnectionStrategy] implementation class instead.
2017-10-18 15:20:55,070 [main] DEBUG: edu.cmu.ri.createlab.terk.application.TerkApplication: TerkApplication.TerkApplication(): successfully instantiated ConnectionStrategy implementation class [edu.cmu.ri.createlab.terk.robot.finch.LocalFinchConnectionStrategy]
2017-10-18 15:20:55,337 [main] DEBUG: edu.cmu.ri.createlab.device.connectivity.BaseCreateLabDeviceConnectivityManager: BaseCreateLabDeviceConnectivityManager: scanAndConnectWorkhorseRunnable.run()
2017-10-18 15:20:55,337 [main] DEBUG: edu.cmu.ri.createlab.device.connectivity.BaseCreateLabDeviceConnectivityManager: BaseCreateLabDeviceConnectivityManager.disconnect()
2017-10-18 15:20:55,338 [main] DEBUG: edu.cmu.ri.createlab.terk.robot.finch.LocalFinchConnectionStrategy: LocalFinchConnectionStrategy.handleConnectionStateChange(): OLD [Disconnected]  NEW [Disconnected]  port []
2017-10-18 15:20:55,338 [BaseCreateLabDeviceConnectivityManager.executorService pool-1-thread-1] DEBUG: edu.cmu.ri.createlab.device.connectivity.BaseCreateLabDeviceConnectivityManager: CreateLabDeviceConnectivityManagerImpl$DeviceScanner.run()
2017-10-18 15:20:55,338 [BaseCreateLabDeviceConnectivityManager.executorService pool-1-thread-1] DEBUG: edu.cmu.ri.createlab.terk.robot.finch.LocalFinchConnectionStrategy: LocalFinchConnectionStrategy.handleConnectionStateChange(): OLD [Disconnected]  NEW [Scanning]  port []
2017-10-18 15:20:55,343 [BaseCreateLabDeviceConnectivityManager.executorService pool-1-thread-1] DEBUG: edu.cmu.ri.createlab.terk.robot.finch.DefaultFinchController: DefaultFinchController.create(): creating HID device for vendor ID [2354] and product ID [1111]
2017-10-18 15:27:51,532 [main] DEBUG: edu.cmu.ri.createlab.terk.application.TerkApplication: TerkApplication.TerkApplication()
2017-10-18 15:27:51,533 [main] INFO : edu.cmu.ri.createlab.terk.application.TerkApplication: TerkApplication.TerkApplication(): System property [terk-application.connection-strategy.class.name] is not defined.  Attempting to use default [edu.cmu.ri.createlab.terk.robot.finch.LocalFinchConnectionStrategy] implementation class instead.
2017-10-18 15:27:51,544 [main] DEBUG: edu.cmu.ri.createlab.terk.application.TerkApplication: TerkApplication.TerkApplication(): successfully instantiated ConnectionStrategy implementation class [edu.cmu.ri.createlab.terk.robot.finch.LocalFinchConnectionStrategy]
2017-10-18 15:27:51,829 [main] DEBUG: edu.cmu.ri.createlab.device.connectivity.BaseCreateLabDeviceConnectivityManager: BaseCreateLabDeviceConnectivityManager: scanAndConnectWorkhorseRunnable.run()
2017-10-18 15:27:51,829 [main] DEBUG: edu.cmu.ri.createlab.device.connectivity.BaseCreateLabDeviceConnectivityManager: BaseCreateLabDeviceConnectivityManager.disconnect()
2017-10-18 15:27:51,829 [main] DEBUG: edu.cmu.ri.createlab.terk.robot.finch.LocalFinchConnectionStrategy: LocalFinchConnectionStrategy.handleConnectionStateChange(): OLD [Disconnected]  NEW [Disconnected]  port []
2017-10-18 15:27:51,830 [BaseCreateLabDeviceConnectivityManager.executorService pool-1-thread-1] DEBUG: edu.cmu.ri.createlab.device.connectivity.BaseCreateLabDeviceConnectivityManager: CreateLabDeviceConnectivityManagerImpl$DeviceScanner.run()
2017-10-18 15:27:51,830 [BaseCreateLabDeviceConnectivityManager.executorService pool-1-thread-1] DEBUG: edu.cmu.ri.createlab.terk.robot.finch.LocalFinchConnectionStrategy: LocalFinchConnectionStrategy.handleConnectionStateChange(): OLD [Disconnected]  NEW [Scanning]  port []
2017-10-18 15:27:51,837 [BaseCreateLabDeviceConnectivityManager.executorService pool-1-thread-1] DEBUG: edu.cmu.ri.createlab.terk.robot.finch.DefaultFinchController: DefaultFinchController.create(): creating HID device for vendor ID [2354] and product ID [1111]
2017-10-18 15:29:08,258 [main] DEBUG: edu.cmu.ri.createlab.terk.application.TerkApplication: TerkApplication.TerkApplication()
2017-10-18 15:29:08,259 [main] INFO : edu.cmu.ri.createlab.terk.application.TerkApplication: TerkApplication.TerkApplication(): System property [terk-application.connection-strategy.class.name] is not defined.  Attempting to use default [edu.cmu.ri.createlab.terk.robot.finch.LocalFinchConnectionStrategy] implementation class instead.
2017-10-18 15:29:08,271 [main] DEBUG: edu.cmu.ri.createlab.terk.application.TerkApplication: TerkApplication.TerkApplication(): successfully instantiated ConnectionStrategy implementation class [edu.cmu.ri.createlab.terk.robot.finch.LocalFinchConnectionStrategy]
2017-10-18 15:29:08,572 [main] DEBUG: edu.cmu.ri.createlab.device.connectivity.BaseCreateLabDeviceConnectivityManager: BaseCreateLabDeviceConnectivityManager: scanAndConnectWorkhorseRunnable.run()
2017-10-18 15:29:08,573 [main] DEBUG: edu.cmu.ri.createlab.device.connectivity.BaseCreateLabDeviceConnectivityManager: BaseCreateLabDeviceConnectivityManager.disconnect()
2017-10-18 15:29:08,573 [main] DEBUG: edu.cmu.ri.createlab.terk.robot.finch.LocalFinchConnectionStrategy: LocalFinchConnectionStrategy.handleConnectionStateChange(): OLD [Disconnected]  NEW [Disconnected]  port []
2017-10-18 15:29:08,574 [BaseCreateLabDeviceConnectivityManager.executorService pool-1-thread-1] DEBUG: edu.cmu.ri.createlab.device.connectivity.BaseCreateLabDeviceConnectivityManager: CreateLabDeviceConnectivityManagerImpl$DeviceScanner.run()
2017-10-18 15:29:08,574 [BaseCreateLabDeviceConnectivityManager.executorService pool-1-thread-1] DEBUG: edu.cmu.ri.createlab.terk.robot.finch.LocalFinchConnectionStrategy: LocalFinchConnectionStrategy.handleConnectionStateChange(): OLD [Disconnected]  NEW [Scanning]  port []
2017-10-18 15:29:08,579 [BaseCreateLabDeviceConnectivityManager.executorService pool-1-thread-1] DEBUG: edu.cmu.ri.createlab.terk.robot.finch.DefaultFinchController: DefaultFinchController.create(): creating HID device for vendor ID [2354] and product ID [1111]
2017-10-18 15:29:15,057 [main] DEBUG: edu.cmu.ri.createlab.terk.application.TerkApplication: TerkApplication.TerkApplication()
2017-10-18 15:29:15,058 [main] INFO : edu.cmu.ri.createlab.terk.application.TerkApplication: TerkApplication.TerkApplication(): System property [terk-application.connection-strategy.class.name] is not defined.  Attempting to use default [edu.cmu.ri.createlab.terk.robot.finch.LocalFinchConnectionStrategy] implementation class instead.
2017-10-18 15:29:15,068 [main] DEBUG: edu.cmu.ri.createlab.terk.application.TerkApplication: TerkApplication.TerkApplication(): successfully instantiated ConnectionStrategy implementation class [edu.cmu.ri.createlab.terk.robot.finch.LocalFinchConnectionStrategy]
2017-10-18 15:29:15,355 [main] DEBUG: edu.cmu.ri.createlab.device.connectivity.BaseCreateLabDeviceConnectivityManager: BaseCreateLabDeviceConnectivityManager: scanAndConnectWorkhorseRunnable.run()
2017-10-18 15:29:15,356 [main] DEBUG: edu.cmu.ri.createlab.device.connectivity.BaseCreateLabDeviceConnectivityManager: BaseCreateLabDeviceConnectivityManager.disconnect()
2017-10-18 15:29:15,356 [main] DEBUG: edu.cmu.ri.createlab.terk.robot.finch.LocalFinchConnectionStrategy: LocalFinchConnectionStrategy.handleConnectionStateChange(): OLD [Disconnected]  NEW [Disconnected]  port []
2017-10-18 15:29:15,357 [BaseCreateLabDeviceConnectivityManager.executorService pool-1-thread-1] DEBUG: edu.cmu.ri.createlab.device.connectivity.BaseCreateLabDeviceConnectivityManager: CreateLabDeviceConnectivityManagerImpl$DeviceScanner.run()
2017-10-18 15:29:15,357 [BaseCreateLabDeviceConnectivityManager.executorService pool-1-thread-1] DEBUG: edu.cmu.ri.createlab.terk.robot.finch.LocalFinchConnectionStrategy: LocalFinchConnectionStrategy.handleConnectionStateChange(): OLD [Disconnected]  NEW [Scanning]  port []
2017-10-18 15:29:15,363 [BaseCreateLabDeviceConnectivityManager.executorService pool-1-thread-1] DEBUG: edu.cmu.ri.createlab.terk.robot.finch.DefaultFinchController: DefaultFinchController.create(): creating HID device for vendor ID [2354] and product ID [1111]
2017-10-18 15:35:56,329 [main] DEBUG: edu.cmu.ri.createlab.terk.application.TerkApplication: TerkApplication.TerkApplication()
2017-10-18 15:35:56,330 [main] INFO : edu.cmu.ri.createlab.terk.application.TerkApplication: TerkApplication.TerkApplication(): System property [terk-application.connection-strategy.class.name] is not defined.  Attempting to use default [edu.cmu.ri.createlab.terk.robot.finch.LocalFinchConnectionStrategy] implementation class instead.
2017-10-18 15:35:56,340 [main] DEBUG: edu.cmu.ri.createlab.terk.application.TerkApplication: TerkApplication.TerkApplication(): successfully instantiated ConnectionStrategy implementation class [edu.cmu.ri.createlab.terk.robot.finch.LocalFinchConnectionStrategy]
2017-10-18 15:35:56,620 [main] DEBUG: edu.cmu.ri.createlab.device.connectivity.BaseCreateLabDeviceConnectivityManager: BaseCreateLabDeviceConnectivityManager: scanAndConnectWorkhorseRunnable.run()
2017-10-18 15:35:56,621 [main] DEBUG: edu.cmu.ri.createlab.device.connectivity.BaseCreateLabDeviceConnectivityManager: BaseCreateLabDeviceConnectivityManager.disconnect()
2017-10-18 15:35:56,621 [main] DEBUG: edu.cmu.ri.createlab.terk.robot.finch.LocalFinchConnectionStrategy: LocalFinchConnectionStrategy.handleConnectionStateChange(): OLD [Disconnected]  NEW [Disconnected]  port []
2017-10-18 15:35:56,622 [BaseCreateLabDeviceConnectivityManager.executorService pool-1-thread-1] DEBUG: edu.cmu.ri.createlab.device.connectivity.BaseCreateLabDeviceConnectivityManager: CreateLabDeviceConnectivityManagerImpl$DeviceScanner.run()
2017-10-18 15:35:56,622 [BaseCreateLabDeviceConnectivityManager.executorService pool-1-thread-1] DEBUG: edu.cmu.ri.createlab.terk.robot.finch.LocalFinchConnectionStrategy: LocalFinchConnectionStrategy.handleConnectionStateChange(): OLD [Disconnected]  NEW [Scanning]  port []
2017-10-18 15:35:56,627 [BaseCreateLabDeviceConnectivityManager.executorService pool-1-thread-1] DEBUG: edu.cmu.ri.createlab.terk.robot.finch.DefaultFinchController: DefaultFinchController.create(): creating HID device for vendor ID [2354] and product ID [1111]
2017-10-18 15:36:17,223 [main] DEBUG: edu.cmu.ri.createlab.terk.application.TerkApplication: TerkApplication.TerkApplication()
2017-10-18 15:36:17,223 [main] INFO : edu.cmu.ri.createlab.terk.application.TerkApplication: TerkApplication.TerkApplication(): System property [terk-application.connection-strategy.class.name] is not defined.  Attempting to use default [edu.cmu.ri.createlab.terk.robot.finch.LocalFinchConnectionStrategy] implementation class instead.
2017-10-18 15:36:17,234 [main] DEBUG: edu.cmu.ri.createlab.terk.application.TerkApplication: TerkApplication.TerkApplication(): successfully instantiated ConnectionStrategy implementation class [edu.cmu.ri.createlab.terk.robot.finch.LocalFinchConnectionStrategy]
2017-10-18 15:36:17,506 [main] DEBUG: edu.cmu.ri.createlab.device.connectivity.BaseCreateLabDeviceConnectivityManager: BaseCreateLabDeviceConnectivityManager: scanAndConnectWorkhorseRunnable.run()
2017-10-18 15:36:17,506 [main] DEBUG: edu.cmu.ri.createlab.device.connectivity.BaseCreateLabDeviceConnectivityManager: BaseCreateLabDeviceConnectivityManager.disconnect()
2017-10-18 15:36:17,506 [main] DEBUG: edu.cmu.ri.createlab.terk.robot.finch.LocalFinchConnectionStrategy: LocalFinchConnectionStrategy.handleConnectionStateChange(): OLD [Disconnected]  NEW [Disconnected]  port []
2017-10-18 15:36:17,507 [BaseCreateLabDeviceConnectivityManager.executorService pool-1-thread-1] DEBUG: edu.cmu.ri.createlab.device.connectivity.BaseCreateLabDeviceConnectivityManager: CreateLabDeviceConnectivityManagerImpl$DeviceScanner.run()
2017-10-18 15:36:17,507 [BaseCreateLabDeviceConnectivityManager.executorService pool-1-thread-1] DEBUG: edu.cmu.ri.createlab.terk.robot.finch.LocalFinchConnectionStrategy: LocalFinchConnectionStrategy.handleConnectionStateChange(): OLD [Disconnected]  NEW [Scanning]  port []
2017-10-18 15:36:17,513 [BaseCreateLabDeviceConnectivityManager.executorService pool-1-thread-1] DEBUG: edu.cmu.ri.createlab.terk.robot.finch.DefaultFinchController: DefaultFinchController.create(): creating HID device for vendor ID [2354] and product ID [1111]
2017-10-18 15:44:33,776 [main] DEBUG: edu.cmu.ri.createlab.terk.application.TerkApplication: TerkApplication.TerkApplication()
2017-10-18 15:44:33,777 [main] INFO : edu.cmu.ri.createlab.terk.application.TerkApplication: TerkApplication.TerkApplication(): System property [terk-application.connection-strategy.class.name] is not defined.  Attempting to use default [edu.cmu.ri.createlab.terk.robot.finch.LocalFinchConnectionStrategy] implementation class instead.
2017-10-18 15:44:33,788 [main] DEBUG: edu.cmu.ri.createlab.terk.application.TerkApplication: TerkApplication.TerkApplication(): successfully instantiated ConnectionStrategy implementation class [edu.cmu.ri.createlab.terk.robot.finch.LocalFinchConnectionStrategy]
2017-10-18 15:44:34,067 [main] DEBUG: edu.cmu.ri.createlab.device.connectivity.BaseCreateLabDeviceConnectivityManager: BaseCreateLabDeviceConnectivityManager: scanAndConnectWorkhorseRunnable.run()
2017-10-18 15:44:34,067 [main] DEBUG: edu.cmu.ri.createlab.device.connectivity.BaseCreateLabDeviceConnectivityManager: BaseCreateLabDeviceConnectivityManager.disconnect()
2017-10-18 15:44:34,067 [main] DEBUG: edu.cmu.ri.createlab.terk.robot.finch.LocalFinchConnectionStrategy: LocalFinchConnectionStrategy.handleConnectionStateChange(): OLD [Disconnected]  NEW [Disconnected]  port []
2017-10-18 15:44:34,068 [BaseCreateLabDeviceConnectivityManager.executorService pool-1-thread-1] DEBUG: edu.cmu.ri.createlab.device.connectivity.BaseCreateLabDeviceConnectivityManager: CreateLabDeviceConnectivityManagerImpl$DeviceScanner.run()
2017-10-18 15:44:34,068 [BaseCreateLabDeviceConnectivityManager.executorService pool-1-thread-1] DEBUG: edu.cmu.ri.createlab.terk.robot.finch.LocalFinchConnectionStrategy: LocalFinchConnectionStrategy.handleConnectionStateChange(): OLD [Disconnected]  NEW [Scanning]  port []
2017-10-18 15:44:34,073 [BaseCreateLabDeviceConnectivityManager.executorService pool-1-thread-1] DEBUG: edu.cmu.ri.createlab.terk.robot.finch.DefaultFinchController: DefaultFinchController.create(): creating HID device for vendor ID [2354] and product ID [1111]
